<?xml version="1.0" encoding="UTF-8" ?>
<testsuite failures="0" time="0.038" errors="0" skipped="0" tests="3" name="de.uniluebeck.itm.spitfire.nCoap.message.options.TestOpaqueOption">
  <properties>
[...]
</properties>
  <testcase time="0.001" classname="de.uniluebeck.itm.spitfire.nCoap.message.options.TestOpaqueOption" name="testObjectCreation1"/>
  <testcase time="0" classname="de.uniluebeck.itm.spitfire.nCoap.message.options.TestOpaqueOption" name="testObjectCreation2"/>
  <testcase time="0" classname="de.uniluebeck.itm.spitfire.nCoap.message.options.TestOpaqueOption" name="testObjectCreation3"/>
</testsuite>